<?xml version="1.0" encoding="UTF-8"?>
<testng-results skipped="0" failed="0" total="1" passed="1">
  <reporter-output>
  </reporter-output>
  <suite name="Default suite" duration-ms="10538" started-at="2014-03-11T12:57:39Z" finished-at="2014-03-11T12:57:50Z">
    <groups>
    </groups>
    <test name="Default test" duration-ms="10538" started-at="2014-03-11T12:57:39Z" finished-at="2014-03-11T12:57:50Z">
      <class name="testmvn.HelloWorld">
        <test-method status="PASS" signature="testGoogle()[pri:0, instance:testmvn.HelloWorld@1fa68b9c]" name="testGoogle" duration-ms="10521" started-at="2014-03-11T18:27:39Z" finished-at="2014-03-11T18:27:50Z">
          <reporter-output>
          </reporter-output>
        </test-method> <!-- testGoogle -->
      </class> <!-- testmvn.HelloWorld -->
    </test> <!-- Default test -->
  </suite> <!-- Default suite -->
</testng-results>
