<?xml version="1.0" encoding="UTF-8"?>
<testng-results skipped="0" failed="0" total="0" passed="0">
  <reporter-output>
  </reporter-output>
  <suite name="testmvn.AppTest" duration-ms="4" started-at="2014-03-11T12:58:14Z" finished-at="2014-03-11T12:58:14Z">
    <groups>
    </groups>
    <test name="Command line test" duration-ms="4" started-at="2014-03-11T12:58:14Z" finished-at="2014-03-11T12:58:14Z">
    </test> <!-- Command line test -->
  </suite> <!-- testmvn.AppTest -->
</testng-results>
